2020-09-05 09:57:15,915 INFO o.a.j.u.JMeterUtils: Setting Locale to en
2020-09-05 09:57:15,955 INFO o.a.j.JMeter: Loading user properties from: C:\Users\gerli\Portable\JMeter\bin\user.properties
2020-09-05 09:57:15,956 INFO o.a.j.JMeter: Loading system properties from: C:\Users\gerli\Portable\JMeter\bin\system.properties
2020-09-05 09:57:15,958 INFO o.a.j.JMeter: Copyright (c) 1998-2020 The Apache Software Foundation
2020-09-05 09:57:15,959 INFO o.a.j.JMeter: Version 5.3
2020-09-05 09:57:15,959 INFO o.a.j.JMeter: java.version=11.0.8
2020-09-05 09:57:15,959 INFO o.a.j.JMeter: java.vm.name=OpenJDK 64-Bit Server VM
2020-09-05 09:57:15,959 INFO o.a.j.JMeter: os.name=Windows 10
2020-09-05 09:57:15,959 INFO o.a.j.JMeter: os.arch=amd64
2020-09-05 09:57:15,960 INFO o.a.j.JMeter: os.version=10.0
2020-09-05 09:57:15,960 INFO o.a.j.JMeter: file.encoding=Cp1252
2020-09-05 09:57:15,960 INFO o.a.j.JMeter: java.awt.headless=null
2020-09-05 09:57:15,960 INFO o.a.j.JMeter: Max memory     =1073741824
2020-09-05 09:57:15,962 INFO o.a.j.JMeter: Available Processors =4
2020-09-05 09:57:15,980 INFO o.a.j.JMeter: Default Locale=English (EN)
2020-09-05 09:57:15,980 INFO o.a.j.JMeter: JMeter  Locale=English
2020-09-05 09:57:15,980 INFO o.a.j.JMeter: JMeterHome=C:\Users\gerli\Portable\JMeter
2020-09-05 09:57:15,980 INFO o.a.j.JMeter: user.dir  =C:\Users\gerli\OneDrive\Dokumente\Studium\6. Semester\Bachelorarbeit\Code\JMeter
2020-09-05 09:57:15,982 INFO o.a.j.JMeter: PWD       =C:\Users\gerli\OneDrive\Dokumente\Studium\6. Semester\Bachelorarbeit\Code\JMeter
2020-09-05 09:57:15,983 INFO o.a.j.JMeter: IP: 172.30.96.1 Name: SURFACE-FLO FullName: SURFACE-FLO
2020-09-05 09:57:15,998 INFO o.a.j.s.FileServer: Default base='C:\Users\gerli\OneDrive\Dokumente\Studium\6. Semester\Bachelorarbeit\Code\JMeter'
2020-09-05 09:57:16,001 INFO o.a.j.s.FileServer: Set new base='C:\Users\gerli\OneDrive\Dokumente\Studium\6. Semester\Bachelorarbeit\Code\JMeter'
2020-09-05 09:57:16,286 INFO o.a.j.s.SaveService: Testplan (JMX) version: 2.2. Testlog (JTL) version: 2.2
2020-09-05 09:57:16,318 INFO o.a.j.s.SaveService: Using SaveService properties version 5.0
2020-09-05 09:57:16,328 INFO o.a.j.s.SaveService: Using SaveService properties file encoding UTF-8
2020-09-05 09:57:16,336 INFO o.a.j.s.SaveService: Loading file: performance.jmx
2020-09-05 09:57:16,446 INFO o.a.j.p.h.s.HTTPSamplerBase: Parser for text/html is org.apache.jmeter.protocol.http.parser.LagartoBasedHtmlParser
2020-09-05 09:57:16,446 INFO o.a.j.p.h.s.HTTPSamplerBase: Parser for application/xhtml+xml is org.apache.jmeter.protocol.http.parser.LagartoBasedHtmlParser
2020-09-05 09:57:16,446 INFO o.a.j.p.h.s.HTTPSamplerBase: Parser for application/xml is org.apache.jmeter.protocol.http.parser.LagartoBasedHtmlParser
2020-09-05 09:57:16,446 INFO o.a.j.p.h.s.HTTPSamplerBase: Parser for text/xml is org.apache.jmeter.protocol.http.parser.LagartoBasedHtmlParser
2020-09-05 09:57:16,447 INFO o.a.j.p.h.s.HTTPSamplerBase: Parser for text/vnd.wap.wml is org.apache.jmeter.protocol.http.parser.RegexpHTMLParser
2020-09-05 09:57:16,447 INFO o.a.j.p.h.s.HTTPSamplerBase: Parser for text/css is org.apache.jmeter.protocol.http.parser.CssParser
2020-09-05 09:57:16,500 INFO v.z.j.g.c.GrpcClientSampler: Created GrpcClientSampler
2020-09-05 09:57:16,502 INFO v.z.j.g.c.GrpcClientSampler: Created GrpcClientSampler
2020-09-05 09:57:16,507 INFO v.z.j.g.c.GrpcClientSampler: Created GrpcClientSampler
2020-09-05 09:57:16,507 INFO v.z.j.g.c.GrpcClientSampler: Created GrpcClientSampler
2020-09-05 09:57:16,512 INFO v.z.j.g.c.GrpcClientSampler: Created GrpcClientSampler
2020-09-05 09:57:16,513 INFO v.z.j.g.c.GrpcClientSampler: Created GrpcClientSampler
2020-09-05 09:57:16,513 INFO v.z.j.g.c.GrpcClientSampler: Created GrpcClientSampler
2020-09-05 09:57:16,514 INFO v.z.j.g.c.GrpcClientSampler: Created GrpcClientSampler
2020-09-05 09:57:16,520 INFO v.z.j.g.c.GrpcClientSampler: Created GrpcClientSampler
2020-09-05 09:57:16,541 INFO o.a.j.p.h.c.CacheManager: Will only cache the following methods: [GET]
2020-09-05 09:57:16,684 INFO o.a.j.JMeter: Creating summariser <summary>
2020-09-05 09:57:16,818 INFO o.a.j.e.StandardJMeterEngine: Running the test!
2020-09-05 09:57:16,820 INFO o.a.j.s.SampleEvent: List of sample_variables: []
2020-09-05 09:57:16,820 INFO o.a.j.s.SampleEvent: List of sample_variables: []
2020-09-05 09:57:16,841 INFO o.a.j.e.u.CompoundVariable: Note: Function class names must contain the string: '.functions.'
2020-09-05 09:57:16,841 INFO o.a.j.e.u.CompoundVariable: Note: Function class names must not contain the string: '.gui.'
2020-09-05 09:57:17,471 INFO o.a.j.JMeter: Running test (1599292637471)
2020-09-05 09:57:17,498 INFO o.a.j.e.StandardJMeterEngine: Starting ThreadGroup: 1 : REST-4-100
2020-09-05 09:57:17,499 INFO o.a.j.e.StandardJMeterEngine: Starting 4 threads for group REST-4-100.
2020-09-05 09:57:17,499 INFO o.a.j.e.StandardJMeterEngine: Thread will continue on error
2020-09-05 09:57:17,499 INFO o.a.j.t.ThreadGroup: Starting thread group... number=1 threads=4 ramp-up=1 delayedStart=false
2020-09-05 09:57:17,525 INFO o.a.j.t.ThreadGroup: Started thread group number 1
2020-09-05 09:57:17,525 INFO o.a.j.e.StandardJMeterEngine: All thread groups have been started
2020-09-05 09:57:17,563 INFO o.a.j.t.JMeterThread: Thread started: REST-4-100 1-1
2020-09-05 09:57:17,610 INFO o.a.j.p.h.s.HTTPHCAbstractImpl: Local host = SURFACE-FLO
2020-09-05 09:57:17,623 INFO o.a.j.p.h.s.HTTPHC4Impl: HTTP request retry count = 0
2020-09-05 09:57:17,625 INFO o.a.j.s.SampleResult: Note: Sample TimeStamps are START times
2020-09-05 09:57:17,626 INFO o.a.j.s.SampleResult: sampleresult.default.encoding is set to ISO-8859-1
2020-09-05 09:57:17,626 INFO o.a.j.s.SampleResult: sampleresult.useNanoTime=true
2020-09-05 09:57:17,626 INFO o.a.j.s.SampleResult: sampleresult.nanoThreadSleep=5000
2020-09-05 09:57:17,789 INFO o.a.j.t.JMeterThread: Thread started: REST-4-100 1-2
2020-09-05 09:57:18,024 INFO o.a.j.t.JMeterThread: Thread started: REST-4-100 1-3
2020-09-05 09:57:18,277 INFO o.a.j.t.JMeterThread: Thread started: REST-4-100 1-4
2020-09-05 09:57:30,061 INFO o.a.j.r.Summariser: summary +    987 in 00:00:13 =   78.4/s Avg:    47 Min:     1 Max:   421 Err:     0 (0.00%) Active: 4 Started: 4 Finished: 0
2020-09-05 09:58:00,016 INFO o.a.j.r.Summariser: summary +   2190 in 00:00:30 =   73.1/s Avg:    54 Min:     0 Max:   313 Err:     0 (0.00%) Active: 4 Started: 4 Finished: 0
2020-09-05 09:58:00,017 INFO o.a.j.r.Summariser: summary =   3177 in 00:00:43 =   74.7/s Avg:    52 Min:     0 Max:   421 Err:     0 (0.00%)
2020-09-05 09:58:30,024 INFO o.a.j.r.Summariser: summary +   2157 in 00:00:30 =   71.9/s Avg:    55 Min:     0 Max:   363 Err:     0 (0.00%) Active: 4 Started: 4 Finished: 0
2020-09-05 09:58:30,025 INFO o.a.j.r.Summariser: summary =   5334 in 00:01:13 =   73.5/s Avg:    53 Min:     0 Max:   421 Err:     0 (0.00%)
2020-09-05 09:59:00,053 INFO o.a.j.r.Summariser: summary +   2168 in 00:00:30 =   72.2/s Avg:    55 Min:     0 Max:   333 Err:     0 (0.00%) Active: 4 Started: 4 Finished: 0
2020-09-05 09:59:00,056 INFO o.a.j.r.Summariser: summary =   7502 in 00:01:43 =   73.1/s Avg:    53 Min:     0 Max:   421 Err:     0 (0.00%)
2020-09-05 09:59:30,009 INFO o.a.j.r.Summariser: summary +   2219 in 00:00:30 =   74.1/s Avg:    53 Min:     0 Max:   300 Err:     0 (0.00%) Active: 4 Started: 4 Finished: 0
2020-09-05 09:59:30,012 INFO o.a.j.r.Summariser: summary =   9721 in 00:02:13 =   73.3/s Avg:    53 Min:     0 Max:   421 Err:     0 (0.00%)
2020-09-05 10:00:00,045 INFO o.a.j.r.Summariser: summary +   2202 in 00:00:30 =   73.3/s Avg:    54 Min:     0 Max:   467 Err:     0 (0.00%) Active: 4 Started: 4 Finished: 0
2020-09-05 10:00:00,060 INFO o.a.j.r.Summariser: summary =  11923 in 00:02:43 =   73.3/s Avg:    53 Min:     0 Max:   467 Err:     0 (0.00%)
2020-09-05 10:00:20,191 INFO o.a.j.t.JMeterThread: Thread is done: REST-4-100 1-4
2020-09-05 10:00:20,191 INFO o.a.j.t.JMeterThread: Thread finished: REST-4-100 1-4
2020-09-05 10:00:22,945 INFO o.a.j.t.JMeterThread: Thread is done: REST-4-100 1-3
2020-09-05 10:00:22,945 INFO o.a.j.t.JMeterThread: Thread finished: REST-4-100 1-3
2020-09-05 10:00:23,241 INFO o.a.j.t.JMeterThread: Thread is done: REST-4-100 1-1
2020-09-05 10:00:23,241 INFO o.a.j.t.JMeterThread: Thread finished: REST-4-100 1-1
2020-09-05 10:00:23,246 INFO o.a.j.t.JMeterThread: Thread is done: REST-4-100 1-2
2020-09-05 10:00:23,246 INFO o.a.j.t.JMeterThread: Thread finished: REST-4-100 1-2
2020-09-05 10:00:23,247 INFO o.a.j.e.StandardJMeterEngine: Notifying test listeners of end of test
2020-09-05 10:00:23,249 INFO o.a.j.r.Summariser: summary +   1681 in 00:00:23 =   72.4/s Avg:    53 Min:     0 Max:   555 Err:     0 (0.00%) Active: 0 Started: 4 Finished: 4
2020-09-05 10:00:23,250 INFO o.a.j.r.Summariser: summary =  13604 in 00:03:06 =   73.2/s Avg:    53 Min:     0 Max:   555 Err:     0 (0.00%)
