2020-09-05 09:54:36,090 INFO o.a.j.u.JMeterUtils: Setting Locale to en
2020-09-05 09:54:36,139 INFO o.a.j.JMeter: Loading user properties from: C:\Users\gerli\Portable\JMeter\bin\user.properties
2020-09-05 09:54:36,140 INFO o.a.j.JMeter: Loading system properties from: C:\Users\gerli\Portable\JMeter\bin\system.properties
2020-09-05 09:54:36,144 INFO o.a.j.JMeter: Copyright (c) 1998-2020 The Apache Software Foundation
2020-09-05 09:54:36,145 INFO o.a.j.JMeter: Version 5.3
2020-09-05 09:54:36,145 INFO o.a.j.JMeter: java.version=11.0.8
2020-09-05 09:54:36,145 INFO o.a.j.JMeter: java.vm.name=OpenJDK 64-Bit Server VM
2020-09-05 09:54:36,145 INFO o.a.j.JMeter: os.name=Windows 10
2020-09-05 09:54:36,148 INFO o.a.j.JMeter: os.arch=amd64
2020-09-05 09:54:36,153 INFO o.a.j.JMeter: os.version=10.0
2020-09-05 09:54:36,153 INFO o.a.j.JMeter: file.encoding=Cp1252
2020-09-05 09:54:36,153 INFO o.a.j.JMeter: java.awt.headless=null
2020-09-05 09:54:36,154 INFO o.a.j.JMeter: Max memory     =1073741824
2020-09-05 09:54:36,154 INFO o.a.j.JMeter: Available Processors =4
2020-09-05 09:54:36,177 INFO o.a.j.JMeter: Default Locale=English (EN)
2020-09-05 09:54:36,180 INFO o.a.j.JMeter: JMeter  Locale=English
2020-09-05 09:54:36,181 INFO o.a.j.JMeter: JMeterHome=C:\Users\gerli\Portable\JMeter
2020-09-05 09:54:36,181 INFO o.a.j.JMeter: user.dir  =C:\Users\gerli\OneDrive\Dokumente\Studium\6. Semester\Bachelorarbeit\Code\JMeter
2020-09-05 09:54:36,182 INFO o.a.j.JMeter: PWD       =C:\Users\gerli\OneDrive\Dokumente\Studium\6. Semester\Bachelorarbeit\Code\JMeter
2020-09-05 09:54:36,185 INFO o.a.j.JMeter: IP: 172.30.96.1 Name: SURFACE-FLO FullName: SURFACE-FLO
2020-09-05 09:54:36,195 INFO o.a.j.s.FileServer: Default base='C:\Users\gerli\OneDrive\Dokumente\Studium\6. Semester\Bachelorarbeit\Code\JMeter'
2020-09-05 09:54:36,198 INFO o.a.j.s.FileServer: Set new base='C:\Users\gerli\OneDrive\Dokumente\Studium\6. Semester\Bachelorarbeit\Code\JMeter'
2020-09-05 09:54:36,474 INFO o.a.j.s.SaveService: Testplan (JMX) version: 2.2. Testlog (JTL) version: 2.2
2020-09-05 09:54:36,528 INFO o.a.j.s.SaveService: Using SaveService properties version 5.0
2020-09-05 09:54:36,539 INFO o.a.j.s.SaveService: Using SaveService properties file encoding UTF-8
2020-09-05 09:54:36,546 INFO o.a.j.s.SaveService: Loading file: performance.jmx
2020-09-05 09:54:36,655 INFO o.a.j.p.h.s.HTTPSamplerBase: Parser for text/html is org.apache.jmeter.protocol.http.parser.LagartoBasedHtmlParser
2020-09-05 09:54:36,655 INFO o.a.j.p.h.s.HTTPSamplerBase: Parser for application/xhtml+xml is org.apache.jmeter.protocol.http.parser.LagartoBasedHtmlParser
2020-09-05 09:54:36,655 INFO o.a.j.p.h.s.HTTPSamplerBase: Parser for application/xml is org.apache.jmeter.protocol.http.parser.LagartoBasedHtmlParser
2020-09-05 09:54:36,655 INFO o.a.j.p.h.s.HTTPSamplerBase: Parser for text/xml is org.apache.jmeter.protocol.http.parser.LagartoBasedHtmlParser
2020-09-05 09:54:36,656 INFO o.a.j.p.h.s.HTTPSamplerBase: Parser for text/vnd.wap.wml is org.apache.jmeter.protocol.http.parser.RegexpHTMLParser
2020-09-05 09:54:36,656 INFO o.a.j.p.h.s.HTTPSamplerBase: Parser for text/css is org.apache.jmeter.protocol.http.parser.CssParser
2020-09-05 09:54:36,724 INFO v.z.j.g.c.GrpcClientSampler: Created GrpcClientSampler
2020-09-05 09:54:36,726 INFO v.z.j.g.c.GrpcClientSampler: Created GrpcClientSampler
2020-09-05 09:54:36,730 INFO v.z.j.g.c.GrpcClientSampler: Created GrpcClientSampler
2020-09-05 09:54:36,731 INFO v.z.j.g.c.GrpcClientSampler: Created GrpcClientSampler
2020-09-05 09:54:36,740 INFO v.z.j.g.c.GrpcClientSampler: Created GrpcClientSampler
2020-09-05 09:54:36,741 INFO v.z.j.g.c.GrpcClientSampler: Created GrpcClientSampler
2020-09-05 09:54:36,742 INFO v.z.j.g.c.GrpcClientSampler: Created GrpcClientSampler
2020-09-05 09:54:36,745 INFO v.z.j.g.c.GrpcClientSampler: Created GrpcClientSampler
2020-09-05 09:54:36,763 INFO v.z.j.g.c.GrpcClientSampler: Created GrpcClientSampler
2020-09-05 09:54:36,807 INFO o.a.j.p.h.c.CacheManager: Will only cache the following methods: [GET]
2020-09-05 09:54:37,010 INFO o.a.j.JMeter: Creating summariser <summary>
2020-09-05 09:54:37,055 INFO o.a.j.e.StandardJMeterEngine: Running the test!
2020-09-05 09:54:37,058 INFO o.a.j.s.SampleEvent: List of sample_variables: []
2020-09-05 09:54:37,058 INFO o.a.j.s.SampleEvent: List of sample_variables: []
2020-09-05 09:54:37,094 INFO o.a.j.e.u.CompoundVariable: Note: Function class names must contain the string: '.functions.'
2020-09-05 09:54:37,094 INFO o.a.j.e.u.CompoundVariable: Note: Function class names must not contain the string: '.gui.'
2020-09-05 09:54:37,716 INFO o.a.j.JMeter: Running test (1599292477716)
2020-09-05 09:54:37,742 INFO o.a.j.e.StandardJMeterEngine: Starting ThreadGroup: 1 : REST-1-250
2020-09-05 09:54:37,742 INFO o.a.j.e.StandardJMeterEngine: Starting 1 threads for group REST-1-250.
2020-09-05 09:54:37,742 INFO o.a.j.e.StandardJMeterEngine: Thread will continue on error
2020-09-05 09:54:37,743 INFO o.a.j.t.ThreadGroup: Starting thread group... number=1 threads=1 ramp-up=1 delayedStart=false
2020-09-05 09:54:37,751 INFO o.a.j.t.ThreadGroup: Started thread group number 1
2020-09-05 09:54:37,751 INFO o.a.j.e.StandardJMeterEngine: All thread groups have been started
2020-09-05 09:54:37,766 INFO o.a.j.t.JMeterThread: Thread started: REST-1-250 1-1
2020-09-05 09:54:37,802 INFO o.a.j.p.h.s.HTTPHCAbstractImpl: Local host = SURFACE-FLO
2020-09-05 09:54:37,815 INFO o.a.j.p.h.s.HTTPHC4Impl: HTTP request retry count = 0
2020-09-05 09:54:37,817 INFO o.a.j.s.SampleResult: Note: Sample TimeStamps are START times
2020-09-05 09:54:37,818 INFO o.a.j.s.SampleResult: sampleresult.default.encoding is set to ISO-8859-1
2020-09-05 09:54:37,818 INFO o.a.j.s.SampleResult: sampleresult.useNanoTime=true
2020-09-05 09:54:37,818 INFO o.a.j.s.SampleResult: sampleresult.nanoThreadSleep=5000
2020-09-05 09:55:00,039 INFO o.a.j.r.Summariser: summary +   2484 in 00:00:22 =  111.3/s Avg:     8 Min:     0 Max:   249 Err:     0 (0.00%) Active: 1 Started: 1 Finished: 0
2020-09-05 09:55:30,030 INFO o.a.j.r.Summariser: summary +   3429 in 00:00:30 =  114.3/s Avg:     8 Min:     0 Max:   404 Err:     0 (0.00%) Active: 1 Started: 1 Finished: 0
2020-09-05 09:55:30,032 INFO o.a.j.r.Summariser: summary =   5913 in 00:00:52 =  113.0/s Avg:     8 Min:     0 Max:   404 Err:     0 (0.00%)
2020-09-05 09:55:52,668 INFO o.a.j.t.JMeterThread: Thread is done: REST-1-250 1-1
2020-09-05 09:55:52,669 INFO o.a.j.t.JMeterThread: Thread finished: REST-1-250 1-1
2020-09-05 09:55:52,670 INFO o.a.j.e.StandardJMeterEngine: Notifying test listeners of end of test
2020-09-05 09:55:52,672 INFO o.a.j.r.Summariser: summary +   2588 in 00:00:23 =  114.3/s Avg:     8 Min:     0 Max:   125 Err:     0 (0.00%) Active: 0 Started: 1 Finished: 1
2020-09-05 09:55:52,674 INFO o.a.j.r.Summariser: summary =   8501 in 00:01:15 =  113.4/s Avg:     8 Min:     0 Max:   404 Err:     0 (0.00%)
