2020-09-04 10:36:59,942 INFO o.a.j.u.JMeterUtils: Setting Locale to en
2020-09-04 10:36:59,985 INFO o.a.j.JMeter: Loading user properties from: C:\Users\gerli\Portable\JMeter\bin\user.properties
2020-09-04 10:36:59,986 INFO o.a.j.JMeter: Loading system properties from: C:\Users\gerli\Portable\JMeter\bin\system.properties
2020-09-04 10:36:59,988 INFO o.a.j.JMeter: Copyright (c) 1998-2020 The Apache Software Foundation
2020-09-04 10:36:59,989 INFO o.a.j.JMeter: Version 5.3
2020-09-04 10:36:59,989 INFO o.a.j.JMeter: java.version=11.0.8
2020-09-04 10:36:59,989 INFO o.a.j.JMeter: java.vm.name=OpenJDK 64-Bit Server VM
2020-09-04 10:36:59,989 INFO o.a.j.JMeter: os.name=Windows 10
2020-09-04 10:36:59,989 INFO o.a.j.JMeter: os.arch=amd64
2020-09-04 10:36:59,991 INFO o.a.j.JMeter: os.version=10.0
2020-09-04 10:36:59,991 INFO o.a.j.JMeter: file.encoding=Cp1252
2020-09-04 10:36:59,991 INFO o.a.j.JMeter: java.awt.headless=null
2020-09-04 10:36:59,991 INFO o.a.j.JMeter: Max memory     =1073741824
2020-09-04 10:36:59,992 INFO o.a.j.JMeter: Available Processors =4
2020-09-04 10:37:00,010 INFO o.a.j.JMeter: Default Locale=English (EN)
2020-09-04 10:37:00,011 INFO o.a.j.JMeter: JMeter  Locale=English
2020-09-04 10:37:00,011 INFO o.a.j.JMeter: JMeterHome=C:\Users\gerli\Portable\JMeter
2020-09-04 10:37:00,011 INFO o.a.j.JMeter: user.dir  =C:\Users\gerli\OneDrive\Dokumente\Studium\6. Semester\Bachelorarbeit\Code\JMeter
2020-09-04 10:37:00,012 INFO o.a.j.JMeter: PWD       =C:\Users\gerli\OneDrive\Dokumente\Studium\6. Semester\Bachelorarbeit\Code\JMeter
2020-09-04 10:37:00,013 INFO o.a.j.JMeter: IP: 172.31.64.1 Name: SURFACE-FLO FullName: SURFACE-FLO
2020-09-04 10:37:00,026 INFO o.a.j.s.FileServer: Default base='C:\Users\gerli\OneDrive\Dokumente\Studium\6. Semester\Bachelorarbeit\Code\JMeter'
2020-09-04 10:37:00,031 INFO o.a.j.s.FileServer: Set new base='C:\Users\gerli\OneDrive\Dokumente\Studium\6. Semester\Bachelorarbeit\Code\JMeter'
2020-09-04 10:37:00,309 INFO o.a.j.s.SaveService: Testplan (JMX) version: 2.2. Testlog (JTL) version: 2.2
2020-09-04 10:37:00,361 INFO o.a.j.s.SaveService: Using SaveService properties version 5.0
2020-09-04 10:37:00,371 INFO o.a.j.s.SaveService: Using SaveService properties file encoding UTF-8
2020-09-04 10:37:00,378 INFO o.a.j.s.SaveService: Loading file: performance.jmx
2020-09-04 10:37:00,491 INFO o.a.j.p.h.s.HTTPSamplerBase: Parser for text/html is org.apache.jmeter.protocol.http.parser.LagartoBasedHtmlParser
2020-09-04 10:37:00,491 INFO o.a.j.p.h.s.HTTPSamplerBase: Parser for application/xhtml+xml is org.apache.jmeter.protocol.http.parser.LagartoBasedHtmlParser
2020-09-04 10:37:00,491 INFO o.a.j.p.h.s.HTTPSamplerBase: Parser for application/xml is org.apache.jmeter.protocol.http.parser.LagartoBasedHtmlParser
2020-09-04 10:37:00,491 INFO o.a.j.p.h.s.HTTPSamplerBase: Parser for text/xml is org.apache.jmeter.protocol.http.parser.LagartoBasedHtmlParser
2020-09-04 10:37:00,492 INFO o.a.j.p.h.s.HTTPSamplerBase: Parser for text/vnd.wap.wml is org.apache.jmeter.protocol.http.parser.RegexpHTMLParser
2020-09-04 10:37:00,492 INFO o.a.j.p.h.s.HTTPSamplerBase: Parser for text/css is org.apache.jmeter.protocol.http.parser.CssParser
2020-09-04 10:37:00,539 INFO v.z.j.g.c.GrpcClientSampler: Created GrpcClientSampler
2020-09-04 10:37:00,540 INFO v.z.j.g.c.GrpcClientSampler: Created GrpcClientSampler
2020-09-04 10:37:00,544 INFO v.z.j.g.c.GrpcClientSampler: Created GrpcClientSampler
2020-09-04 10:37:00,545 INFO v.z.j.g.c.GrpcClientSampler: Created GrpcClientSampler
2020-09-04 10:37:00,547 INFO v.z.j.g.c.GrpcClientSampler: Created GrpcClientSampler
2020-09-04 10:37:00,548 INFO v.z.j.g.c.GrpcClientSampler: Created GrpcClientSampler
2020-09-04 10:37:00,549 INFO v.z.j.g.c.GrpcClientSampler: Created GrpcClientSampler
2020-09-04 10:37:00,550 INFO v.z.j.g.c.GrpcClientSampler: Created GrpcClientSampler
2020-09-04 10:37:00,551 INFO v.z.j.g.c.GrpcClientSampler: Created GrpcClientSampler
2020-09-04 10:37:00,561 INFO o.a.j.p.h.c.CacheManager: Will only cache the following methods: [GET]
2020-09-04 10:37:00,677 INFO o.a.j.JMeter: Creating summariser <summary>
2020-09-04 10:37:00,719 INFO o.a.j.e.StandardJMeterEngine: Running the test!
2020-09-04 10:37:00,720 INFO o.a.j.s.SampleEvent: List of sample_variables: []
2020-09-04 10:37:00,721 INFO o.a.j.s.SampleEvent: List of sample_variables: []
2020-09-04 10:37:00,742 INFO o.a.j.e.u.CompoundVariable: Note: Function class names must contain the string: '.functions.'
2020-09-04 10:37:00,742 INFO o.a.j.e.u.CompoundVariable: Note: Function class names must not contain the string: '.gui.'
2020-09-04 10:37:01,440 INFO o.a.j.JMeter: Running test (1599208621440)
2020-09-04 10:37:01,466 INFO o.a.j.e.StandardJMeterEngine: Starting ThreadGroup: 1 : REST-1-250
2020-09-04 10:37:01,466 INFO o.a.j.e.StandardJMeterEngine: Starting 1 threads for group REST-1-250.
2020-09-04 10:37:01,466 INFO o.a.j.e.StandardJMeterEngine: Thread will continue on error
2020-09-04 10:37:01,467 INFO o.a.j.t.ThreadGroup: Starting thread group... number=1 threads=1 ramp-up=1 delayedStart=false
2020-09-04 10:37:01,478 INFO o.a.j.t.ThreadGroup: Started thread group number 1
2020-09-04 10:37:01,478 INFO o.a.j.e.StandardJMeterEngine: All thread groups have been started
2020-09-04 10:37:01,492 INFO o.a.j.t.JMeterThread: Thread started: REST-1-250 1-1
2020-09-04 10:37:01,532 INFO o.a.j.p.h.s.HTTPHCAbstractImpl: Local host = SURFACE-FLO
2020-09-04 10:37:01,545 INFO o.a.j.p.h.s.HTTPHC4Impl: HTTP request retry count = 0
2020-09-04 10:37:01,547 INFO o.a.j.s.SampleResult: Note: Sample TimeStamps are START times
2020-09-04 10:37:01,547 INFO o.a.j.s.SampleResult: sampleresult.default.encoding is set to ISO-8859-1
2020-09-04 10:37:01,548 INFO o.a.j.s.SampleResult: sampleresult.useNanoTime=true
2020-09-04 10:37:01,548 INFO o.a.j.s.SampleResult: sampleresult.nanoThreadSleep=5000
2020-09-04 10:37:01,975 INFO o.a.j.r.Summariser: summary +      1 in 00:00:01 =    1.9/s Avg:   243 Min:   243 Max:   243 Err:     0 (0.00%) Active: 1 Started: 1 Finished: 0
2020-09-04 10:37:30,032 INFO o.a.j.r.Summariser: summary +   1866 in 00:00:28 =   66.5/s Avg:    14 Min:     0 Max:   247 Err:     0 (0.00%) Active: 1 Started: 1 Finished: 0
2020-09-04 10:37:30,036 INFO o.a.j.r.Summariser: summary =   1867 in 00:00:29 =   65.3/s Avg:    14 Min:     0 Max:   247 Err:     0 (0.00%)
2020-09-04 10:38:00,034 INFO o.a.j.r.Summariser: summary +   1995 in 00:00:30 =   66.5/s Avg:    14 Min:     0 Max:    96 Err:     0 (0.00%) Active: 1 Started: 1 Finished: 0
2020-09-04 10:38:00,037 INFO o.a.j.r.Summariser: summary =   3862 in 00:00:59 =   65.9/s Avg:    14 Min:     0 Max:   247 Err:     0 (0.00%)
2020-09-04 10:38:30,001 INFO o.a.j.r.Summariser: summary +   1985 in 00:00:30 =   66.2/s Avg:    14 Min:     0 Max:   221 Err:     0 (0.00%) Active: 1 Started: 1 Finished: 0
2020-09-04 10:38:30,003 INFO o.a.j.r.Summariser: summary =   5847 in 00:01:29 =   66.0/s Avg:    14 Min:     0 Max:   247 Err:     0 (0.00%)
2020-09-04 10:39:00,008 INFO o.a.j.r.Summariser: summary +   1993 in 00:00:30 =   66.4/s Avg:    14 Min:     0 Max:   100 Err:     0 (0.00%) Active: 1 Started: 1 Finished: 0
2020-09-04 10:39:00,011 INFO o.a.j.r.Summariser: summary =   7840 in 00:01:59 =   66.1/s Avg:    14 Min:     0 Max:   247 Err:     0 (0.00%)
2020-09-04 10:39:09,894 INFO o.a.j.t.JMeterThread: Thread is done: REST-1-250 1-1
2020-09-04 10:39:09,894 INFO o.a.j.t.JMeterThread: Thread finished: REST-1-250 1-1
2020-09-04 10:39:09,897 INFO o.a.j.e.StandardJMeterEngine: Notifying test listeners of end of test
2020-09-04 10:39:09,901 INFO o.a.j.r.Summariser: summary +    661 in 00:00:10 =   66.8/s Avg:    14 Min:     0 Max:   104 Err:     0 (0.00%) Active: 0 Started: 1 Finished: 1
2020-09-04 10:39:09,903 INFO o.a.j.r.Summariser: summary =   8501 in 00:02:08 =   66.2/s Avg:    14 Min:     0 Max:   247 Err:     0 (0.00%)
