2020-09-05 09:38:08,694 INFO o.a.j.u.JMeterUtils: Setting Locale to en
2020-09-05 09:38:08,745 INFO o.a.j.JMeter: Loading user properties from: C:\Users\gerli\Portable\JMeter\bin\user.properties
2020-09-05 09:38:08,747 INFO o.a.j.JMeter: Loading system properties from: C:\Users\gerli\Portable\JMeter\bin\system.properties
2020-09-05 09:38:08,752 INFO o.a.j.JMeter: Copyright (c) 1998-2020 The Apache Software Foundation
2020-09-05 09:38:08,752 INFO o.a.j.JMeter: Version 5.3
2020-09-05 09:38:08,753 INFO o.a.j.JMeter: java.version=11.0.8
2020-09-05 09:38:08,753 INFO o.a.j.JMeter: java.vm.name=OpenJDK 64-Bit Server VM
2020-09-05 09:38:08,753 INFO o.a.j.JMeter: os.name=Windows 10
2020-09-05 09:38:08,753 INFO o.a.j.JMeter: os.arch=amd64
2020-09-05 09:38:08,755 INFO o.a.j.JMeter: os.version=10.0
2020-09-05 09:38:08,755 INFO o.a.j.JMeter: file.encoding=Cp1252
2020-09-05 09:38:08,755 INFO o.a.j.JMeter: java.awt.headless=null
2020-09-05 09:38:08,756 INFO o.a.j.JMeter: Max memory     =1073741824
2020-09-05 09:38:08,756 INFO o.a.j.JMeter: Available Processors =4
2020-09-05 09:38:08,771 INFO o.a.j.JMeter: Default Locale=English (EN)
2020-09-05 09:38:08,771 INFO o.a.j.JMeter: JMeter  Locale=English
2020-09-05 09:38:08,772 INFO o.a.j.JMeter: JMeterHome=C:\Users\gerli\Portable\JMeter
2020-09-05 09:38:08,772 INFO o.a.j.JMeter: user.dir  =C:\Users\gerli\OneDrive\Dokumente\Studium\6. Semester\Bachelorarbeit\Code\JMeter
2020-09-05 09:38:08,773 INFO o.a.j.JMeter: PWD       =C:\Users\gerli\OneDrive\Dokumente\Studium\6. Semester\Bachelorarbeit\Code\JMeter
2020-09-05 09:38:08,775 INFO o.a.j.JMeter: IP: 172.30.96.1 Name: SURFACE-FLO FullName: SURFACE-FLO
2020-09-05 09:38:08,785 INFO o.a.j.s.FileServer: Default base='C:\Users\gerli\OneDrive\Dokumente\Studium\6. Semester\Bachelorarbeit\Code\JMeter'
2020-09-05 09:38:08,788 INFO o.a.j.s.FileServer: Set new base='C:\Users\gerli\OneDrive\Dokumente\Studium\6. Semester\Bachelorarbeit\Code\JMeter'
2020-09-05 09:38:09,057 INFO o.a.j.s.SaveService: Testplan (JMX) version: 2.2. Testlog (JTL) version: 2.2
2020-09-05 09:38:09,089 INFO o.a.j.s.SaveService: Using SaveService properties version 5.0
2020-09-05 09:38:09,097 INFO o.a.j.s.SaveService: Using SaveService properties file encoding UTF-8
2020-09-05 09:38:09,104 INFO o.a.j.s.SaveService: Loading file: performance.jmx
2020-09-05 09:38:09,232 INFO o.a.j.p.h.s.HTTPSamplerBase: Parser for text/html is org.apache.jmeter.protocol.http.parser.LagartoBasedHtmlParser
2020-09-05 09:38:09,232 INFO o.a.j.p.h.s.HTTPSamplerBase: Parser for application/xhtml+xml is org.apache.jmeter.protocol.http.parser.LagartoBasedHtmlParser
2020-09-05 09:38:09,232 INFO o.a.j.p.h.s.HTTPSamplerBase: Parser for application/xml is org.apache.jmeter.protocol.http.parser.LagartoBasedHtmlParser
2020-09-05 09:38:09,232 INFO o.a.j.p.h.s.HTTPSamplerBase: Parser for text/xml is org.apache.jmeter.protocol.http.parser.LagartoBasedHtmlParser
2020-09-05 09:38:09,233 INFO o.a.j.p.h.s.HTTPSamplerBase: Parser for text/vnd.wap.wml is org.apache.jmeter.protocol.http.parser.RegexpHTMLParser
2020-09-05 09:38:09,233 INFO o.a.j.p.h.s.HTTPSamplerBase: Parser for text/css is org.apache.jmeter.protocol.http.parser.CssParser
2020-09-05 09:38:09,287 INFO v.z.j.g.c.GrpcClientSampler: Created GrpcClientSampler
2020-09-05 09:38:09,288 INFO v.z.j.g.c.GrpcClientSampler: Created GrpcClientSampler
2020-09-05 09:38:09,292 INFO v.z.j.g.c.GrpcClientSampler: Created GrpcClientSampler
2020-09-05 09:38:09,293 INFO v.z.j.g.c.GrpcClientSampler: Created GrpcClientSampler
2020-09-05 09:38:09,294 INFO v.z.j.g.c.GrpcClientSampler: Created GrpcClientSampler
2020-09-05 09:38:09,295 INFO v.z.j.g.c.GrpcClientSampler: Created GrpcClientSampler
2020-09-05 09:38:09,296 INFO v.z.j.g.c.GrpcClientSampler: Created GrpcClientSampler
2020-09-05 09:38:09,299 INFO v.z.j.g.c.GrpcClientSampler: Created GrpcClientSampler
2020-09-05 09:38:09,300 INFO v.z.j.g.c.GrpcClientSampler: Created GrpcClientSampler
2020-09-05 09:38:09,315 INFO o.a.j.p.h.c.CacheManager: Will only cache the following methods: [GET]
2020-09-05 09:38:09,396 INFO o.a.j.JMeter: Creating summariser <summary>
2020-09-05 09:38:09,454 INFO o.a.j.e.StandardJMeterEngine: Running the test!
2020-09-05 09:38:09,458 INFO o.a.j.s.SampleEvent: List of sample_variables: []
2020-09-05 09:38:09,459 INFO o.a.j.s.SampleEvent: List of sample_variables: []
2020-09-05 09:38:09,500 INFO o.a.j.e.u.CompoundVariable: Note: Function class names must contain the string: '.functions.'
2020-09-05 09:38:09,501 INFO o.a.j.e.u.CompoundVariable: Note: Function class names must not contain the string: '.gui.'
2020-09-05 09:38:10,953 INFO o.a.j.JMeter: Running test (1599291490953)
2020-09-05 09:38:10,993 INFO o.a.j.e.StandardJMeterEngine: Starting ThreadGroup: 1 : GraphQL-4-100
2020-09-05 09:38:10,994 INFO o.a.j.e.StandardJMeterEngine: Starting 4 threads for group GraphQL-4-100.
2020-09-05 09:38:10,994 INFO o.a.j.e.StandardJMeterEngine: Thread will continue on error
2020-09-05 09:38:10,994 INFO o.a.j.t.ThreadGroup: Starting thread group... number=1 threads=4 ramp-up=1 delayedStart=false
2020-09-05 09:38:11,018 INFO o.a.j.t.ThreadGroup: Started thread group number 1
2020-09-05 09:38:11,018 INFO o.a.j.e.StandardJMeterEngine: All thread groups have been started
2020-09-05 09:38:11,028 INFO o.a.j.t.JMeterThread: Thread started: GraphQL-4-100 1-1
2020-09-05 09:38:11,066 INFO o.a.j.p.h.s.HTTPHCAbstractImpl: Local host = SURFACE-FLO
2020-09-05 09:38:11,080 INFO o.a.j.p.h.s.HTTPHC4Impl: HTTP request retry count = 0
2020-09-05 09:38:11,083 INFO o.a.j.s.SampleResult: Note: Sample TimeStamps are START times
2020-09-05 09:38:11,083 INFO o.a.j.s.SampleResult: sampleresult.default.encoding is set to ISO-8859-1
2020-09-05 09:38:11,083 INFO o.a.j.s.SampleResult: sampleresult.useNanoTime=true
2020-09-05 09:38:11,083 INFO o.a.j.s.SampleResult: sampleresult.nanoThreadSleep=5000
2020-09-05 09:38:11,268 INFO o.a.j.t.JMeterThread: Thread started: GraphQL-4-100 1-2
2020-09-05 09:38:11,510 INFO o.a.j.t.JMeterThread: Thread started: GraphQL-4-100 1-3
2020-09-05 09:38:11,762 INFO o.a.j.t.JMeterThread: Thread started: GraphQL-4-100 1-4
2020-09-05 09:38:26,120 INFO o.a.j.t.JMeterThread: Thread is done: GraphQL-4-100 1-3
2020-09-05 09:38:26,120 INFO o.a.j.t.JMeterThread: Thread finished: GraphQL-4-100 1-3
2020-09-05 09:38:26,654 INFO o.a.j.t.JMeterThread: Thread is done: GraphQL-4-100 1-2
2020-09-05 09:38:26,654 INFO o.a.j.t.JMeterThread: Thread finished: GraphQL-4-100 1-2
2020-09-05 09:38:26,695 INFO o.a.j.t.JMeterThread: Thread is done: GraphQL-4-100 1-1
2020-09-05 09:38:26,695 INFO o.a.j.t.JMeterThread: Thread finished: GraphQL-4-100 1-1
2020-09-05 09:38:26,698 INFO o.a.j.t.JMeterThread: Thread is done: GraphQL-4-100 1-4
2020-09-05 09:38:26,698 INFO o.a.j.t.JMeterThread: Thread finished: GraphQL-4-100 1-4
2020-09-05 09:38:26,699 INFO o.a.j.e.StandardJMeterEngine: Notifying test listeners of end of test
2020-09-05 09:38:26,702 INFO o.a.j.r.Summariser: summary =   2404 in 00:00:16 =  152.7/s Avg:     9 Min:     0 Max:   452 Err:     0 (0.00%)
