2020-09-04 10:41:06,445 INFO o.a.j.u.JMeterUtils: Setting Locale to en
2020-09-04 10:41:06,481 INFO o.a.j.JMeter: Loading user properties from: C:\Users\gerli\Portable\JMeter\bin\user.properties
2020-09-04 10:41:06,483 INFO o.a.j.JMeter: Loading system properties from: C:\Users\gerli\Portable\JMeter\bin\system.properties
2020-09-04 10:41:06,486 INFO o.a.j.JMeter: Copyright (c) 1998-2020 The Apache Software Foundation
2020-09-04 10:41:06,486 INFO o.a.j.JMeter: Version 5.3
2020-09-04 10:41:06,486 INFO o.a.j.JMeter: java.version=11.0.8
2020-09-04 10:41:06,486 INFO o.a.j.JMeter: java.vm.name=OpenJDK 64-Bit Server VM
2020-09-04 10:41:06,487 INFO o.a.j.JMeter: os.name=Windows 10
2020-09-04 10:41:06,487 INFO o.a.j.JMeter: os.arch=amd64
2020-09-04 10:41:06,489 INFO o.a.j.JMeter: os.version=10.0
2020-09-04 10:41:06,489 INFO o.a.j.JMeter: file.encoding=Cp1252
2020-09-04 10:41:06,489 INFO o.a.j.JMeter: java.awt.headless=null
2020-09-04 10:41:06,489 INFO o.a.j.JMeter: Max memory     =1073741824
2020-09-04 10:41:06,489 INFO o.a.j.JMeter: Available Processors =4
2020-09-04 10:41:06,503 INFO o.a.j.JMeter: Default Locale=English (EN)
2020-09-04 10:41:06,503 INFO o.a.j.JMeter: JMeter  Locale=English
2020-09-04 10:41:06,503 INFO o.a.j.JMeter: JMeterHome=C:\Users\gerli\Portable\JMeter
2020-09-04 10:41:06,503 INFO o.a.j.JMeter: user.dir  =C:\Users\gerli\OneDrive\Dokumente\Studium\6. Semester\Bachelorarbeit\Code\JMeter
2020-09-04 10:41:06,505 INFO o.a.j.JMeter: PWD       =C:\Users\gerli\OneDrive\Dokumente\Studium\6. Semester\Bachelorarbeit\Code\JMeter
2020-09-04 10:41:06,506 INFO o.a.j.JMeter: IP: 172.31.64.1 Name: SURFACE-FLO FullName: SURFACE-FLO
2020-09-04 10:41:06,515 INFO o.a.j.s.FileServer: Default base='C:\Users\gerli\OneDrive\Dokumente\Studium\6. Semester\Bachelorarbeit\Code\JMeter'
2020-09-04 10:41:06,518 INFO o.a.j.s.FileServer: Set new base='C:\Users\gerli\OneDrive\Dokumente\Studium\6. Semester\Bachelorarbeit\Code\JMeter'
2020-09-04 10:41:06,758 INFO o.a.j.s.SaveService: Testplan (JMX) version: 2.2. Testlog (JTL) version: 2.2
2020-09-04 10:41:06,789 INFO o.a.j.s.SaveService: Using SaveService properties version 5.0
2020-09-04 10:41:06,796 INFO o.a.j.s.SaveService: Using SaveService properties file encoding UTF-8
2020-09-04 10:41:06,802 INFO o.a.j.s.SaveService: Loading file: performance.jmx
2020-09-04 10:41:06,910 INFO o.a.j.p.h.s.HTTPSamplerBase: Parser for text/html is org.apache.jmeter.protocol.http.parser.LagartoBasedHtmlParser
2020-09-04 10:41:06,910 INFO o.a.j.p.h.s.HTTPSamplerBase: Parser for application/xhtml+xml is org.apache.jmeter.protocol.http.parser.LagartoBasedHtmlParser
2020-09-04 10:41:06,910 INFO o.a.j.p.h.s.HTTPSamplerBase: Parser for application/xml is org.apache.jmeter.protocol.http.parser.LagartoBasedHtmlParser
2020-09-04 10:41:06,911 INFO o.a.j.p.h.s.HTTPSamplerBase: Parser for text/xml is org.apache.jmeter.protocol.http.parser.LagartoBasedHtmlParser
2020-09-04 10:41:06,911 INFO o.a.j.p.h.s.HTTPSamplerBase: Parser for text/vnd.wap.wml is org.apache.jmeter.protocol.http.parser.RegexpHTMLParser
2020-09-04 10:41:06,911 INFO o.a.j.p.h.s.HTTPSamplerBase: Parser for text/css is org.apache.jmeter.protocol.http.parser.CssParser
2020-09-04 10:41:06,980 INFO v.z.j.g.c.GrpcClientSampler: Created GrpcClientSampler
2020-09-04 10:41:06,981 INFO v.z.j.g.c.GrpcClientSampler: Created GrpcClientSampler
2020-09-04 10:41:06,986 INFO v.z.j.g.c.GrpcClientSampler: Created GrpcClientSampler
2020-09-04 10:41:06,987 INFO v.z.j.g.c.GrpcClientSampler: Created GrpcClientSampler
2020-09-04 10:41:06,988 INFO v.z.j.g.c.GrpcClientSampler: Created GrpcClientSampler
2020-09-04 10:41:06,989 INFO v.z.j.g.c.GrpcClientSampler: Created GrpcClientSampler
2020-09-04 10:41:06,990 INFO v.z.j.g.c.GrpcClientSampler: Created GrpcClientSampler
2020-09-04 10:41:06,990 INFO v.z.j.g.c.GrpcClientSampler: Created GrpcClientSampler
2020-09-04 10:41:06,992 INFO v.z.j.g.c.GrpcClientSampler: Created GrpcClientSampler
2020-09-04 10:41:07,003 INFO o.a.j.p.h.c.CacheManager: Will only cache the following methods: [GET]
2020-09-04 10:41:07,093 INFO o.a.j.JMeter: Creating summariser <summary>
2020-09-04 10:41:07,108 INFO o.a.j.e.StandardJMeterEngine: Running the test!
2020-09-04 10:41:07,110 INFO o.a.j.s.SampleEvent: List of sample_variables: []
2020-09-04 10:41:07,110 INFO o.a.j.s.SampleEvent: List of sample_variables: []
2020-09-04 10:41:07,146 INFO o.a.j.e.u.CompoundVariable: Note: Function class names must contain the string: '.functions.'
2020-09-04 10:41:07,146 INFO o.a.j.e.u.CompoundVariable: Note: Function class names must not contain the string: '.gui.'
2020-09-04 10:41:07,938 INFO o.a.j.JMeter: Running test (1599208867938)
2020-09-04 10:41:07,970 INFO o.a.j.e.StandardJMeterEngine: Starting ThreadGroup: 1 : REST-4-100
2020-09-04 10:41:07,970 INFO o.a.j.e.StandardJMeterEngine: Starting 4 threads for group REST-4-100.
2020-09-04 10:41:07,970 INFO o.a.j.e.StandardJMeterEngine: Thread will continue on error
2020-09-04 10:41:07,970 INFO o.a.j.t.ThreadGroup: Starting thread group... number=1 threads=4 ramp-up=1 delayedStart=false
2020-09-04 10:41:07,998 INFO o.a.j.t.ThreadGroup: Started thread group number 1
2020-09-04 10:41:07,998 INFO o.a.j.e.StandardJMeterEngine: All thread groups have been started
2020-09-04 10:41:08,002 INFO o.a.j.t.JMeterThread: Thread started: REST-4-100 1-1
2020-09-04 10:41:08,045 INFO o.a.j.p.h.s.HTTPHCAbstractImpl: Local host = SURFACE-FLO
2020-09-04 10:41:08,058 INFO o.a.j.p.h.s.HTTPHC4Impl: HTTP request retry count = 0
2020-09-04 10:41:08,060 INFO o.a.j.s.SampleResult: Note: Sample TimeStamps are START times
2020-09-04 10:41:08,060 INFO o.a.j.s.SampleResult: sampleresult.default.encoding is set to ISO-8859-1
2020-09-04 10:41:08,060 INFO o.a.j.s.SampleResult: sampleresult.useNanoTime=true
2020-09-04 10:41:08,061 INFO o.a.j.s.SampleResult: sampleresult.nanoThreadSleep=5000
2020-09-04 10:41:08,241 INFO o.a.j.t.JMeterThread: Thread started: REST-4-100 1-2
2020-09-04 10:41:08,488 INFO o.a.j.t.JMeterThread: Thread started: REST-4-100 1-3
2020-09-04 10:41:08,747 INFO o.a.j.t.JMeterThread: Thread started: REST-4-100 1-4
2020-09-04 10:41:30,157 INFO o.a.j.r.Summariser: summary +    966 in 00:00:22 =   43.5/s Avg:    87 Min:     0 Max:   511 Err:     0 (0.00%) Active: 4 Started: 4 Finished: 0
2020-09-04 10:42:00,015 INFO o.a.j.r.Summariser: summary +   1286 in 00:00:30 =   43.1/s Avg:    92 Min:     0 Max:   417 Err:     0 (0.00%) Active: 4 Started: 4 Finished: 0
2020-09-04 10:42:00,017 INFO o.a.j.r.Summariser: summary =   2252 in 00:00:52 =   43.2/s Avg:    90 Min:     0 Max:   511 Err:     0 (0.00%)
2020-09-04 10:42:30,008 INFO o.a.j.r.Summariser: summary +   1280 in 00:00:30 =   42.7/s Avg:    93 Min:     0 Max:   461 Err:     0 (0.00%) Active: 4 Started: 4 Finished: 0
2020-09-04 10:42:30,012 INFO o.a.j.r.Summariser: summary =   3532 in 00:01:22 =   43.0/s Avg:    91 Min:     0 Max:   511 Err:     0 (0.00%)
2020-09-04 10:43:00,019 INFO o.a.j.r.Summariser: summary +   1271 in 00:00:30 =   42.4/s Avg:    93 Min:     0 Max:   464 Err:     0 (0.00%) Active: 4 Started: 4 Finished: 0
2020-09-04 10:43:00,021 INFO o.a.j.r.Summariser: summary =   4803 in 00:01:52 =   42.9/s Avg:    92 Min:     0 Max:   511 Err:     0 (0.00%)
2020-09-04 10:43:30,023 INFO o.a.j.r.Summariser: summary +   1278 in 00:00:30 =   42.6/s Avg:    93 Min:     1 Max:   536 Err:     0 (0.00%) Active: 4 Started: 4 Finished: 0
2020-09-04 10:43:30,026 INFO o.a.j.r.Summariser: summary =   6081 in 00:02:22 =   42.8/s Avg:    92 Min:     0 Max:   536 Err:     0 (0.00%)
2020-09-04 10:44:00,030 INFO o.a.j.r.Summariser: summary +   1247 in 00:00:30 =   41.6/s Avg:    95 Min:     0 Max:   503 Err:     0 (0.00%) Active: 4 Started: 4 Finished: 0
2020-09-04 10:44:00,031 INFO o.a.j.r.Summariser: summary =   7328 in 00:02:52 =   42.6/s Avg:    93 Min:     0 Max:   536 Err:     0 (0.00%)
2020-09-04 10:44:30,065 INFO o.a.j.r.Summariser: summary +   1317 in 00:00:30 =   43.8/s Avg:    90 Min:     0 Max:   410 Err:     0 (0.00%) Active: 4 Started: 4 Finished: 0
2020-09-04 10:44:30,069 INFO o.a.j.r.Summariser: summary =   8645 in 00:03:22 =   42.8/s Avg:    92 Min:     0 Max:   536 Err:     0 (0.00%)
2020-09-04 10:45:00,018 INFO o.a.j.r.Summariser: summary +   1292 in 00:00:30 =   43.1/s Avg:    92 Min:     0 Max:   559 Err:     0 (0.00%) Active: 4 Started: 4 Finished: 0
2020-09-04 10:45:00,020 INFO o.a.j.r.Summariser: summary =   9937 in 00:03:52 =   42.8/s Avg:    92 Min:     0 Max:   559 Err:     0 (0.00%)
2020-09-04 10:45:30,048 INFO o.a.j.r.Summariser: summary +   1298 in 00:00:30 =   43.2/s Avg:    91 Min:     0 Max:   600 Err:     0 (0.00%) Active: 4 Started: 4 Finished: 0
2020-09-04 10:45:30,052 INFO o.a.j.r.Summariser: summary =  11235 in 00:04:22 =   42.9/s Avg:    92 Min:     0 Max:   600 Err:     0 (0.00%)
2020-09-04 10:46:00,015 INFO o.a.j.r.Summariser: summary +   1288 in 00:00:30 =   43.0/s Avg:    92 Min:     0 Max:   455 Err:     0 (0.00%) Active: 4 Started: 4 Finished: 0
2020-09-04 10:46:00,016 INFO o.a.j.r.Summariser: summary =  12523 in 00:04:52 =   42.9/s Avg:    92 Min:     0 Max:   600 Err:     0 (0.00%)
2020-09-04 10:46:22,936 INFO o.a.j.t.JMeterThread: Thread is done: REST-4-100 1-3
2020-09-04 10:46:22,936 INFO o.a.j.t.JMeterThread: Thread finished: REST-4-100 1-3
2020-09-04 10:46:23,253 INFO o.a.j.t.JMeterThread: Thread is done: REST-4-100 1-4
2020-09-04 10:46:23,254 INFO o.a.j.t.JMeterThread: Thread finished: REST-4-100 1-4
2020-09-04 10:46:23,968 INFO o.a.j.t.JMeterThread: Thread is done: REST-4-100 1-2
2020-09-04 10:46:23,968 INFO o.a.j.t.JMeterThread: Thread finished: REST-4-100 1-2
2020-09-04 10:46:24,037 INFO o.a.j.t.JMeterThread: Thread is done: REST-4-100 1-1
2020-09-04 10:46:24,037 INFO o.a.j.t.JMeterThread: Thread finished: REST-4-100 1-1
2020-09-04 10:46:24,038 INFO o.a.j.e.StandardJMeterEngine: Notifying test listeners of end of test
2020-09-04 10:46:24,040 INFO o.a.j.r.Summariser: summary +   1081 in 00:00:24 =   45.0/s Avg:    86 Min:     0 Max:   329 Err:     0 (0.00%) Active: 0 Started: 4 Finished: 4
2020-09-04 10:46:24,041 INFO o.a.j.r.Summariser: summary =  13604 in 00:05:16 =   43.0/s Avg:    92 Min:     0 Max:   600 Err:     0 (0.00%)
