2020-09-04 10:10:51,214 INFO o.a.j.u.JMeterUtils: Setting Locale to en
2020-09-04 10:10:51,252 INFO o.a.j.JMeter: Loading user properties from: C:\Users\gerli\Portable\JMeter\bin\user.properties
2020-09-04 10:10:51,254 INFO o.a.j.JMeter: Loading system properties from: C:\Users\gerli\Portable\JMeter\bin\system.properties
2020-09-04 10:10:51,257 INFO o.a.j.JMeter: Copyright (c) 1998-2020 The Apache Software Foundation
2020-09-04 10:10:51,259 INFO o.a.j.JMeter: Version 5.3
2020-09-04 10:10:51,259 INFO o.a.j.JMeter: java.version=11.0.8
2020-09-04 10:10:51,259 INFO o.a.j.JMeter: java.vm.name=OpenJDK 64-Bit Server VM
2020-09-04 10:10:51,259 INFO o.a.j.JMeter: os.name=Windows 10
2020-09-04 10:10:51,260 INFO o.a.j.JMeter: os.arch=amd64
2020-09-04 10:10:51,263 INFO o.a.j.JMeter: os.version=10.0
2020-09-04 10:10:51,263 INFO o.a.j.JMeter: file.encoding=Cp1252
2020-09-04 10:10:51,263 INFO o.a.j.JMeter: java.awt.headless=null
2020-09-04 10:10:51,263 INFO o.a.j.JMeter: Max memory     =1073741824
2020-09-04 10:10:51,263 INFO o.a.j.JMeter: Available Processors =4
2020-09-04 10:10:51,278 INFO o.a.j.JMeter: Default Locale=English (EN)
2020-09-04 10:10:51,279 INFO o.a.j.JMeter: JMeter  Locale=English
2020-09-04 10:10:51,279 INFO o.a.j.JMeter: JMeterHome=C:\Users\gerli\Portable\JMeter
2020-09-04 10:10:51,279 INFO o.a.j.JMeter: user.dir  =C:\Users\gerli\OneDrive\Dokumente\Studium\6. Semester\Bachelorarbeit\Code\JMeter
2020-09-04 10:10:51,280 INFO o.a.j.JMeter: PWD       =C:\Users\gerli\OneDrive\Dokumente\Studium\6. Semester\Bachelorarbeit\Code\JMeter
2020-09-04 10:10:51,281 INFO o.a.j.JMeter: IP: 172.31.64.1 Name: SURFACE-FLO FullName: SURFACE-FLO
2020-09-04 10:10:51,291 INFO o.a.j.s.FileServer: Default base='C:\Users\gerli\OneDrive\Dokumente\Studium\6. Semester\Bachelorarbeit\Code\JMeter'
2020-09-04 10:10:51,293 INFO o.a.j.s.FileServer: Set new base='C:\Users\gerli\OneDrive\Dokumente\Studium\6. Semester\Bachelorarbeit\Code\JMeter'
2020-09-04 10:10:51,542 INFO o.a.j.s.SaveService: Testplan (JMX) version: 2.2. Testlog (JTL) version: 2.2
2020-09-04 10:10:51,570 INFO o.a.j.s.SaveService: Using SaveService properties version 5.0
2020-09-04 10:10:51,579 INFO o.a.j.s.SaveService: Using SaveService properties file encoding UTF-8
2020-09-04 10:10:51,585 INFO o.a.j.s.SaveService: Loading file: performance.jmx
2020-09-04 10:10:51,693 INFO o.a.j.p.h.s.HTTPSamplerBase: Parser for text/html is org.apache.jmeter.protocol.http.parser.LagartoBasedHtmlParser
2020-09-04 10:10:51,693 INFO o.a.j.p.h.s.HTTPSamplerBase: Parser for application/xhtml+xml is org.apache.jmeter.protocol.http.parser.LagartoBasedHtmlParser
2020-09-04 10:10:51,693 INFO o.a.j.p.h.s.HTTPSamplerBase: Parser for application/xml is org.apache.jmeter.protocol.http.parser.LagartoBasedHtmlParser
2020-09-04 10:10:51,694 INFO o.a.j.p.h.s.HTTPSamplerBase: Parser for text/xml is org.apache.jmeter.protocol.http.parser.LagartoBasedHtmlParser
2020-09-04 10:10:51,694 INFO o.a.j.p.h.s.HTTPSamplerBase: Parser for text/vnd.wap.wml is org.apache.jmeter.protocol.http.parser.RegexpHTMLParser
2020-09-04 10:10:51,694 INFO o.a.j.p.h.s.HTTPSamplerBase: Parser for text/css is org.apache.jmeter.protocol.http.parser.CssParser
2020-09-04 10:10:51,747 INFO v.z.j.g.c.GrpcClientSampler: Created GrpcClientSampler
2020-09-04 10:10:51,748 INFO v.z.j.g.c.GrpcClientSampler: Created GrpcClientSampler
2020-09-04 10:10:51,754 INFO v.z.j.g.c.GrpcClientSampler: Created GrpcClientSampler
2020-09-04 10:10:51,755 INFO v.z.j.g.c.GrpcClientSampler: Created GrpcClientSampler
2020-09-04 10:10:51,757 INFO v.z.j.g.c.GrpcClientSampler: Created GrpcClientSampler
2020-09-04 10:10:51,757 INFO v.z.j.g.c.GrpcClientSampler: Created GrpcClientSampler
2020-09-04 10:10:51,758 INFO v.z.j.g.c.GrpcClientSampler: Created GrpcClientSampler
2020-09-04 10:10:51,759 INFO v.z.j.g.c.GrpcClientSampler: Created GrpcClientSampler
2020-09-04 10:10:51,760 INFO v.z.j.g.c.GrpcClientSampler: Created GrpcClientSampler
2020-09-04 10:10:51,789 INFO o.a.j.p.h.c.CacheManager: Will only cache the following methods: [GET]
2020-09-04 10:10:51,907 INFO o.a.j.JMeter: Creating summariser <summary>
2020-09-04 10:10:51,945 INFO o.a.j.e.StandardJMeterEngine: Running the test!
2020-09-04 10:10:51,987 INFO o.a.j.s.SampleEvent: List of sample_variables: []
2020-09-04 10:10:51,987 INFO o.a.j.s.SampleEvent: List of sample_variables: []
2020-09-04 10:10:52,008 INFO o.a.j.e.u.CompoundVariable: Note: Function class names must contain the string: '.functions.'
2020-09-04 10:10:52,008 INFO o.a.j.e.u.CompoundVariable: Note: Function class names must not contain the string: '.gui.'
2020-09-04 10:10:53,432 INFO o.a.j.JMeter: Running test (1599207053432)
2020-09-04 10:10:53,461 INFO o.a.j.e.StandardJMeterEngine: Starting ThreadGroup: 1 : GraphQL-4-100
2020-09-04 10:10:53,462 INFO o.a.j.e.StandardJMeterEngine: Starting 4 threads for group GraphQL-4-100.
2020-09-04 10:10:53,462 INFO o.a.j.e.StandardJMeterEngine: Thread will continue on error
2020-09-04 10:10:53,462 INFO o.a.j.t.ThreadGroup: Starting thread group... number=1 threads=4 ramp-up=1 delayedStart=false
2020-09-04 10:10:53,479 INFO o.a.j.t.ThreadGroup: Started thread group number 1
2020-09-04 10:10:53,480 INFO o.a.j.e.StandardJMeterEngine: All thread groups have been started
2020-09-04 10:10:53,489 INFO o.a.j.t.JMeterThread: Thread started: GraphQL-4-100 1-1
2020-09-04 10:10:53,519 INFO o.a.j.p.h.s.HTTPHCAbstractImpl: Local host = SURFACE-FLO
2020-09-04 10:10:53,530 INFO o.a.j.p.h.s.HTTPHC4Impl: HTTP request retry count = 0
2020-09-04 10:10:53,531 INFO o.a.j.s.SampleResult: Note: Sample TimeStamps are START times
2020-09-04 10:10:53,532 INFO o.a.j.s.SampleResult: sampleresult.default.encoding is set to ISO-8859-1
2020-09-04 10:10:53,532 INFO o.a.j.s.SampleResult: sampleresult.useNanoTime=true
2020-09-04 10:10:53,532 INFO o.a.j.s.SampleResult: sampleresult.nanoThreadSleep=5000
2020-09-04 10:10:53,731 INFO o.a.j.t.JMeterThread: Thread started: GraphQL-4-100 1-2
2020-09-04 10:10:53,977 INFO o.a.j.t.JMeterThread: Thread started: GraphQL-4-100 1-3
2020-09-04 10:10:54,226 INFO o.a.j.t.JMeterThread: Thread started: GraphQL-4-100 1-4
2020-09-04 10:11:00,039 INFO o.a.j.r.Summariser: summary +    363 in 00:00:07 =   55.0/s Avg:    25 Min:     1 Max:   428 Err:     0 (0.00%) Active: 4 Started: 4 Finished: 0
2020-09-04 10:11:30,004 INFO o.a.j.r.Summariser: summary +   1804 in 00:00:30 =   60.2/s Avg:    64 Min:     1 Max:   263 Err:     0 (0.00%) Active: 4 Started: 4 Finished: 0
2020-09-04 10:11:30,009 INFO o.a.j.r.Summariser: summary =   2167 in 00:00:37 =   59.3/s Avg:    57 Min:     1 Max:   428 Err:     0 (0.00%)
2020-09-04 10:11:32,414 INFO o.a.j.t.JMeterThread: Thread is done: GraphQL-4-100 1-3
2020-09-04 10:11:32,414 INFO o.a.j.t.JMeterThread: Thread finished: GraphQL-4-100 1-3
2020-09-04 10:11:33,192 INFO o.a.j.t.JMeterThread: Thread is done: GraphQL-4-100 1-1
2020-09-04 10:11:33,192 INFO o.a.j.t.JMeterThread: Thread finished: GraphQL-4-100 1-1
2020-09-04 10:11:33,746 INFO o.a.j.t.JMeterThread: Thread is done: GraphQL-4-100 1-2
2020-09-04 10:11:33,746 INFO o.a.j.t.JMeterThread: Thread finished: GraphQL-4-100 1-2
2020-09-04 10:11:33,840 INFO o.a.j.t.JMeterThread: Thread is done: GraphQL-4-100 1-4
2020-09-04 10:11:33,840 INFO o.a.j.t.JMeterThread: Thread finished: GraphQL-4-100 1-4
2020-09-04 10:11:33,840 INFO o.a.j.e.StandardJMeterEngine: Notifying test listeners of end of test
2020-09-04 10:11:33,842 INFO o.a.j.r.Summariser: summary +    237 in 00:00:04 =   61.8/s Avg:    54 Min:     1 Max:   158 Err:     0 (0.00%) Active: 0 Started: 4 Finished: 4
2020-09-04 10:11:33,847 INFO o.a.j.r.Summariser: summary =   2404 in 00:00:40 =   59.5/s Avg:    57 Min:     1 Max:   428 Err:     0 (0.00%)
